libstreaming/build/outputs/logs/manifest-merger-debug-report.txt
-- Merging decision tree log ---
manifest
ADDED from src/main/AndroidManifest.xml:1:1-8:12
INJECTED from src/main/AndroidManifest.xml:1:1-8:12
INJECTED from src/main/AndroidManifest.xml:1:1-8:12
INJECTED from src/main/AndroidManifest.xml:1:1-8:12
INJECTED from src/main/AndroidManifest.xml:1:1-8:12
INJECTED from src/main/AndroidManifest.xml:1:1-8:12
INJECTED from src/main/AndroidManifest.xml:1:1-8:12
	package
		ADDED from src/main/AndroidManifest.xml:2:5-45
		INJECTED from src/main/AndroidManifest.xml
		INJECTED from src/main/AndroidManifest.xml
	android:versionName
		ADDED from src/main/AndroidManifest.xml:4:5-30
		INJECTED from src/main/AndroidManifest.xml
		INJECTED from src/main/AndroidManifest.xml
	xmlns:android
		ADDED from src/main/AndroidManifest.xml:1:11-69
	android:versionCode
		ADDED from src/main/AndroidManifest.xml:3:5-29
		INJECTED from src/main/AndroidManifest.xml
		INJECTED from src/main/AndroidManifest.xml
uses-sdk
ADDED from src/main/AndroidManifest.xml:6:5-47
INJECTED from src/main/AndroidManifest.xml:6:5-47
INJECTED from src/main/AndroidManifest.xml:6:5-47
INJECTED from src/main/AndroidManifest.xml:6:5-47
INJECTED from src/main/AndroidManifest.xml:6:5-47
	android:targetSdkVersion
		ADDED from src/main/AndroidManifest.xml:6:15-44
		INJECTED from src/main/AndroidManifest.xml
		INJECTED from src/main/AndroidManifest.xml
	android:minSdkVersion
		INJECTED from src/main/AndroidManifest.xml
		ADDED from src/main/AndroidManifest.xml:6:5-47
		INJECTED from src/main/AndroidManifest.xml